Added Component: Designator=J12(FCI_87520-0010BLF)
Add component. Clean all parameters for all variants
Add component (AddParameter): Name = "Author"; Value = ""; VariantName = "[No Variations]"
Add component (AddParameter): Name = "ComponentHeight"; Value = "7.7mm"; VariantName = "[No Variations]"
Add component (AddParameter): Name = "Manufacturer"; Value = "Te Connectivity(TE)"; VariantName = "[No Variations]"
Add component (AddParameter): Name = "Manufacturer Part Number"; Value = "292303-1"; VariantName = "[No Variations]"
Add component (AddParameter): Name = "Part Description"; Value = "USB 2.0 Type A Receptacle, 4 Pins, Right Angle, Shielded"; VariantName = "[No Variations]"
Add component (AddParameter): Name = "Pin Count"; Value = "6"; VariantName = "[No Variations]"
Added Pin To Net: NetName=MSD_VCC Pin=J12-1
Added Pin To Net: NetName=GND Pin=J12-4
Added Pin To Net: NetName=GND Pin=J12-5
Added Pin To Net: NetName=GND Pin=J12-5
Added Pin To Net: NetName=MSD_B_N Pin=RPI2-CDM
Added Pin To Net: NetName=MSD_B_P Pin=RPI2-CDP
Added Pin To Net: NetName=VCS_B_M Pin=J12-2
Added Pin To Net: NetName=VCS_B_M Pin=RPI2-DDM
Added Net: Name=VCS_B_M
Added Pin To Net: NetName=VCS_B_P Pin=J12-3
Added Pin To Net: NetName=VCS_B_P Pin=RPI2-DDP
Added Net: Name=VCS_B_P
Added Member To Class: ClassName=pi-kvm_v1.1 Member=Component J12 USB A
