Added Pin To Net: NetName=MAIN_VCC Pin=C1-1
Added Pin To Net: NetName=GND Pin=C1-2
Added Pin To Net: NetName=MAIN_VCC Pin=C2-1
Added Pin To Net: NetName=GND Pin=C2-2
Added Pin To Net: NetName=NetC3_1 Pin=C3-1
Added Pin To Net: NetName=GND Pin=C3-2
Added Pin To Net: NetName=NetC3_1 Pin=C4-1
Added Pin To Net: NetName=GND Pin=C4-2
Added Pin To Net: NetName=MSD_VCC Pin=C5-1
Added Pin To Net: NetName=GND Pin=C5-2
Added Pin To Net: NetName=MSD_VCC Pin=C6-1
Added Pin To Net: NetName=GND Pin=C6-2
Added Pin To Net: NetName=MAIN_VCC Pin=C7-1
Added Pin To Net: NetName=GND Pin=C7-2
Added Pin To Net: NetName=VCC_1 Pin=C8-1
Added Pin To Net: NetName=GND Pin=C8-2
Added Pin To Net: NetName=NetC9_1 Pin=C9-1
Added Pin To Net: NetName=GND Pin=C9-2
Added Pin To Net: NetName=MAIN_VCC Pin=C10-1
Added Pin To Net: NetName=GND Pin=C10-2
Added Pin To Net: NetName=MAIN_VCC Pin=C11-1
Added Pin To Net: NetName=GND Pin=C11-2
Added Pin To Net: NetName=MAIN_VCC Pin=C12-1
Added Pin To Net: NetName=GND Pin=C12-2
Added Pin To Net: NetName=NetC13_1 Pin=C13-1
Added Pin To Net: NetName=GND Pin=C13-2
Added Pin To Net: NetName=NetC13_1 Pin=C14-1
Added Pin To Net: NetName=GND Pin=C14-2
Added Pin To Net: NetName=VCC_1 Pin=C15-1
Added Pin To Net: NetName=GND Pin=C15-2
Added Pin To Net: NetName=VCC_1 Pin=C16-1
Added Pin To Net: NetName=GND Pin=C16-2
Added Pin To Net: NetName=MAIN_VCC Pin=C17-1
Added Pin To Net: NetName=GND Pin=C17-2
Added Pin To Net: NetName=MAIN_VCC Pin=C18-1
Added Pin To Net: NetName=GND Pin=C18-2
Added Pin To Net: NetName=MAIN_VCC Pin=C19-1
Added Pin To Net: NetName=GND Pin=C19-2
Added Pin To Net: NetName=RPI_VCC Pin=C20-1
Added Pin To Net: NetName=GND Pin=C20-2
Added Pin To Net: NetName=RPI_VCC Pin=C21-1
Added Pin To Net: NetName=GND Pin=C21-2
Added Pin To Net: NetName=RPI_VCC Pin=C22-1
Added Pin To Net: NetName=GND Pin=C22-2
Added Pin To Net: NetName=RPI_VCC Pin=C23-1
Added Pin To Net: NetName=GND Pin=C23-2
Added Pin To Net: NetName=MAIN_VCC Pin=C24-1
Added Pin To Net: NetName=GND Pin=C24-2
Added Pin To Net: NetName=MAIN_VCC Pin=C25-1
Added Pin To Net: NetName=GND Pin=C25-2
Added Pin To Net: NetName=NetC26_1 Pin=C26-1
Added Pin To Net: NetName=GND Pin=C26-2
Added Pin To Net: NetName=NetC26_1 Pin=C27-1
Added Pin To Net: NetName=GND Pin=C27-2
Added Pin To Net: NetName=VCC_2 Pin=C28-1
Added Pin To Net: NetName=GND Pin=C28-2
Added Pin To Net: NetName=VCC_2 Pin=C29-1
Added Pin To Net: NetName=GND Pin=C29-2
Added Pin To Net: NetName=NetC30_1 Pin=C30-1
Added Pin To Net: NetName=GND Pin=C30-2
Added Pin To Net: NetName=NetC30_1 Pin=C31-1
Added Pin To Net: NetName=GND Pin=C31-2
Added Pin To Net: NetName=VCC_3 Pin=C32-1
Added Pin To Net: NetName=GND Pin=C32-2
Added Pin To Net: NetName=VCC_3 Pin=C33-1
Added Pin To Net: NetName=GND Pin=C33-2
Added Pin To Net: NetName=ISP_RST Pin=C34-1
Added Pin To Net: NetName=GND Pin=C34-2
Added Pin To Net: NetName=MAIN_VCC Pin=D1-1
Added Pin To Net: NetName=NetD1_2 Pin=D1-2
Added Pin To Net: NetName=MAIN_VCC Pin=D2-1
Added Pin To Net: NetName=NetD2_2 Pin=D2-2
Added Pin To Net: NetName=MAIN_VCC Pin=D3-1
Added Pin To Net: NetName=NetD3_2 Pin=D3-2
Added Pin To Net: NetName=MAIN_VCC Pin=D4-1
Added Pin To Net: NetName=GND Pin=D4-2
Added Pin To Net: NetName=MAIN_VCC Pin=D5-1
Added Pin To Net: NetName=NetD5_2 Pin=D5-2
Added Pin To Net: NetName=NetD6_1 Pin=D6-1
Added Pin To Net: NetName=ISP_RST Pin=D6-2
Added Pin To Net: NetName=NetIC1_1 Pin=IC1-1
Added Pin To Net: NetName=LP1_2 Pin=IC1-2
Added Pin To Net: NetName=GND Pin=IC1-3
Added Pin To Net: NetName=SRV_L_POWER Pin=IC1-4
Added Pin To Net: NetName=NetIC2_1 Pin=IC2-1
Added Pin To Net: NetName=LP2_2 Pin=IC2-2
Added Pin To Net: NetName=GND Pin=IC2-3
Added Pin To Net: NetName=SRV_L_HDD Pin=IC2-4
Added Pin To Net: NetName=NetIC3_1 Pin=IC3-1
Added Pin To Net: NetName=GND Pin=IC3-2
Added Pin To Net: NetName=LP3_1 Pin=IC3-3
Added Pin To Net: NetName=LP3_2 Pin=IC3-4
Added Pin To Net: NetName=NetIC4_1 Pin=IC4-1
Added Pin To Net: NetName=GND Pin=IC4-2
Added Pin To Net: NetName=LP4_1 Pin=IC4-3
Added Pin To Net: NetName=LP4_2 Pin=IC4-4
Added Pin To Net: NetName=LP1_1 Pin=J1-1
Added Pin To Net: NetName=LP1_2 Pin=J1-2
Added Pin To Net: NetName=LP2_1 Pin=J1-3
Added Pin To Net: NetName=LP3_2 Pin=J1-4
Added Pin To Net: NetName=LP3_1 Pin=J1-5
Added Pin To Net: NetName=LP2_2 Pin=J1-6
Added Pin To Net: NetName=LP4_1 Pin=J1-7
Added Pin To Net: NetName=LP4_2 Pin=J1-8
Added Pin To Net: NetName=RP1_1 Pin=J2-1
Added Pin To Net: NetName=RP1_2 Pin=J2-2
Added Pin To Net: NetName=RP2_1 Pin=J2-3
Added Pin To Net: NetName=RP3_2 Pin=J2-4
Added Pin To Net: NetName=RP3_1 Pin=J2-5
Added Pin To Net: NetName=RP2_2 Pin=J2-6
Added Pin To Net: NetName=RP4_1 Pin=J2-7
Added Pin To Net: NetName=RP4_2 Pin=J2-8
Added Pin To Net: NetName=RP1_1 Pin=J3-1
Added Pin To Net: NetName=RP1_1 Pin=J3-2
Added Pin To Net: NetName=RP1_2 Pin=J3-3
Added Pin To Net: NetName=RP1_2 Pin=J3-4
Added Pin To Net: NetName=RP1_2 Pin=J3-5
Added Pin To Net: NetName=RP1_2 Pin=J3-6
Added Pin To Net: NetName=RP2_1 Pin=J4-1
Added Pin To Net: NetName=RP2_1 Pin=J4-2
Added Pin To Net: NetName=RP2_2 Pin=J4-3
Added Pin To Net: NetName=RP2_2 Pin=J4-4
Added Pin To Net: NetName=RP3_1 Pin=J5-1
Added Pin To Net: NetName=RP3_1 Pin=J5-2
Added Pin To Net: NetName=RP3_2 Pin=J5-3
Added Pin To Net: NetName=RP3_2 Pin=J5-4
Added Pin To Net: NetName=MSD_VCC Pin=J6-1
Added Pin To Net: NetName=MSD_A_N Pin=J6-2
Added Pin To Net: NetName=MSD_A_P Pin=J6-3
Added Pin To Net: NetName=GND Pin=J6-4
Added Pin To Net: NetName=GND Pin=J6-5
Added Pin To Net: NetName=GND Pin=J6-5
Added Pin To Net: NetName=MSD_C_N Pin=J7-2
Added Pin To Net: NetName=MSD_C_P Pin=J7-3
Added Pin To Net: NetName=GND Pin=J7-4
Added Pin To Net: NetName=GND Pin=J7-5
Added Pin To Net: NetName=GND Pin=J7-5
Added Pin To Net: NetName=RP4_1 Pin=J8-1
Added Pin To Net: NetName=RP4_1 Pin=J8-2
Added Pin To Net: NetName=RP4_2 Pin=J8-3
Added Pin To Net: NetName=RP4_2 Pin=J8-4
Added Pin To Net: NetName=GND Pin=J9-1
Added Pin To Net: NetName=VCC_1 Pin=J9-2
Added Pin To Net: NetName=KMA_TX Pin=J10-1
Added Pin To Net: NetName=NetJ10_2 Pin=J10-2
Added Pin To Net: NetName=KMA_RX Pin=J10-3
Added Pin To Net: NetName=NetJ10_4 Pin=J10-4
Added Pin To Net: NetName=ISP_MISO Pin=J11-1
Added Pin To Net: NetName=VCC_3 Pin=J11-2
Added Pin To Net: NetName=ISP_SCK Pin=J11-3
Added Pin To Net: NetName=ISP_MOSI Pin=J11-4
Added Pin To Net: NetName=ISP_RST Pin=J11-5
Added Pin To Net: NetName=GND Pin=J11-6
Added Pin To Net: NetName=MAIN_VCC Pin=J12-1
Added Pin To Net: NetName=NetC30_1 Pin=J12-2
Added Pin To Net: NetName=KMA_RST Pin=J13-1
Added Pin To Net: NetName=NetD6_1 Pin=J13-2
Added Pin To Net: NetName=NetJ14_1 Pin=J14-1
Added Pin To Net: NetName=GND Pin=J14-3
Added Pin To Net: NetName=NetC3_1 Pin=L1-1
Added Pin To Net: NetName=MSD_VCC Pin=L1-2
Added Pin To Net: NetName=NetC9_1 Pin=L2-1
Added Pin To Net: NetName=MAIN_VCC Pin=L2-2
Added Pin To Net: NetName=NetC13_1 Pin=L3-1
Added Pin To Net: NetName=VCC_1 Pin=L3-2
Added Pin To Net: NetName=MAIN_VCC Pin=L4-1
Added Pin To Net: NetName=RPI_VCC Pin=L4-2
Added Pin To Net: NetName=NetC26_1 Pin=L5-1
Added Pin To Net: NetName=VCC_2 Pin=L5-2
Added Pin To Net: NetName=NetC30_1 Pin=L6-1
Added Pin To Net: NetName=VCC_3 Pin=L6-2
Added Pin To Net: NetName=GND Pin=LD1-1
Added Pin To Net: NetName=NetLD1_2 Pin=LD1-2
Added Pin To Net: NetName=GND Pin=LD1-3
Added Pin To Net: NetName=NetLD1_4 Pin=LD1-4
Added Pin To Net: NetName=GND Pin=LD2-1
Added Pin To Net: NetName=NetLD2_2 Pin=LD2-2
Added Pin To Net: NetName=GND Pin=LD2-3
Added Pin To Net: NetName=NetLD2_4 Pin=LD2-4
Added Pin To Net: NetName=GND Pin=LD3-1
Added Pin To Net: NetName=NetLD3_2 Pin=LD3-2
Added Pin To Net: NetName=GND Pin=LD3-3
Added Pin To Net: NetName=NetLD3_4 Pin=LD3-4
Added Pin To Net: NetName=NetQ1_1 Pin=Q1-1
Added Pin To Net: NetName=GND Pin=Q1-2
Added Pin To Net: NetName=NetD1_2 Pin=Q1-3
Added Pin To Net: NetName=NetQ2_1 Pin=Q2-1
Added Pin To Net: NetName=GND Pin=Q2-2
Added Pin To Net: NetName=NetD2_2 Pin=Q2-3
Added Pin To Net: NetName=NetQ3_1 Pin=Q3-1
Added Pin To Net: NetName=GND Pin=Q3-2
Added Pin To Net: NetName=NetD3_2 Pin=Q3-3
Added Pin To Net: NetName=NetQ4_1 Pin=Q4-1
Added Pin To Net: NetName=GND Pin=Q4-2
Added Pin To Net: NetName=NetD5_2 Pin=Q4-3
Added Pin To Net: NetName=SRV_IO_VCC Pin=R1-1
Added Pin To Net: NetName=SRV_L_POWER Pin=R1-2
Added Pin To Net: NetName=LP1_1 Pin=R2-1
Added Pin To Net: NetName=NetIC1_1 Pin=R2-2
Added Pin To Net: NetName=MSD_RST Pin=R3-1
Added Pin To Net: NetName=NetQ1_1 Pin=R3-2
Added Pin To Net: NetName=MSD_TARGET Pin=R4-1
Added Pin To Net: NetName=NetQ2_1 Pin=R4-2
Added Pin To Net: NetName=NetQ1_1 Pin=R5-1
Added Pin To Net: NetName=GND Pin=R5-2
Added Pin To Net: NetName=NetQ2_1 Pin=R6-1
Added Pin To Net: NetName=GND Pin=R6-2
Added Pin To Net: NetName=SRV_IO_VCC Pin=R7-1
Added Pin To Net: NetName=SRV_L_HDD Pin=R7-2
Added Pin To Net: NetName=LP2_1 Pin=R8-1
Added Pin To Net: NetName=NetIC2_1 Pin=R8-2
Added Pin To Net: NetName=MSD_TARGET Pin=R9-1
Added Pin To Net: NetName=NetLD1_4 Pin=R9-2
Added Pin To Net: NetName=NetC3_1 Pin=R10-1
Added Pin To Net: NetName=NetLD1_2 Pin=R10-2
Added Pin To Net: NetName=SRV_B_RST Pin=R11-1
Added Pin To Net: NetName=NetIC3_1 Pin=R11-2
Added Pin To Net: NetName=RPI_VCC Pin=R12-1
Added Pin To Net: NetName=NetLD2_2 Pin=R12-2
Added Pin To Net: NetName=RPI_HDD Pin=R13-1
Added Pin To Net: NetName=NetLD2_4 Pin=R13-2
Added Pin To Net: NetName=SRV_B_PWR Pin=R14-1
Added Pin To Net: NetName=NetIC4_1 Pin=R14-2
Added Pin To Net: NetName=VIDEO_VCC_1 Pin=R15-1
Added Pin To Net: NetName=NetQ3_1 Pin=R15-2
Added Pin To Net: NetName=VCC_1 Pin=R16-1
Added Pin To Net: NetName=NetLD3_2 Pin=R16-2
Added Pin To Net: NetName=NetQ3_1 Pin=R17-1
Added Pin To Net: NetName=GND Pin=R17-2
Added Pin To Net: NetName=NetR18_1 Pin=R18-1
Added Pin To Net: NetName=GND Pin=R18-2
Added Pin To Net: NetName=VIDEO_VCC_2 Pin=R19-1
Added Pin To Net: NetName=NetQ4_1 Pin=R19-2
Added Pin To Net: NetName=VCC_2 Pin=R20-1
Added Pin To Net: NetName=NetLD3_4 Pin=R20-2
Added Pin To Net: NetName=NetQ4_1 Pin=R21-1
Added Pin To Net: NetName=GND Pin=R21-2
Added Pin To Net: NetName=VCC_3 Pin=R22-1
Added Pin To Net: NetName=ISP_RST Pin=R22-2
Added Pin To Net: NetName=NetD1_2 Pin=RL1-1
Added Pin To Net: NetName=NetC3_1 Pin=RL1-4
Added Pin To Net: NetName=MAIN_VCC Pin=RL1-6
Added Pin To Net: NetName=MAIN_VCC Pin=RL1-11
Added Pin To Net: NetName=NetC3_1 Pin=RL1-13
Added Pin To Net: NetName=MAIN_VCC Pin=RL1-16
Added Pin To Net: NetName=NetD2_2 Pin=RL2-1
Added Pin To Net: NetName=MSD_A_N Pin=RL2-4
Added Pin To Net: NetName=MSD_B_N Pin=RL2-6
Added Pin To Net: NetName=MSD_C_N Pin=RL2-8
Added Pin To Net: NetName=MSD_C_P Pin=RL2-9
Added Pin To Net: NetName=MSD_B_P Pin=RL2-11
Added Pin To Net: NetName=MSD_A_P Pin=RL2-13
Added Pin To Net: NetName=MAIN_VCC Pin=RL2-16
Added Pin To Net: NetName=NetD3_2 Pin=RL3-1
Added Pin To Net: NetName=MAIN_VCC Pin=RL3-4
Added Pin To Net: NetName=NetC13_1 Pin=RL3-8
Added Pin To Net: NetName=NetC13_1 Pin=RL3-9
Added Pin To Net: NetName=MAIN_VCC Pin=RL3-13
Added Pin To Net: NetName=MAIN_VCC Pin=RL3-16
Added Pin To Net: NetName=NetD5_2 Pin=RL4-1
Added Pin To Net: NetName=MAIN_VCC Pin=RL4-4
Added Pin To Net: NetName=NetC26_1 Pin=RL4-8
Added Pin To Net: NetName=NetC26_1 Pin=RL4-9
Added Pin To Net: NetName=MAIN_VCC Pin=RL4-13
Added Pin To Net: NetName=MAIN_VCC Pin=RL4-16
Added Pin To Net: NetName=SRV_IO_VCC Pin=RPI1-1
Added Pin To Net: NetName=RPI_VCC Pin=RPI1-2
Added Pin To Net: NetName=RPI_VCC Pin=RPI1-4
Added Pin To Net: NetName=GND Pin=RPI1-6
Added Pin To Net: NetName=GND Pin=RPI1-9
Added Pin To Net: NetName=GND Pin=RPI1-14
Added Pin To Net: NetName=GND Pin=RPI1-20
Added Pin To Net: NetName=GND Pin=RPI1-25
Added Pin To Net: NetName=GND Pin=RPI1-30
Added Pin To Net: NetName=GND Pin=RPI1-34
Added Pin To Net: NetName=GND Pin=RPI1-39
Added Pin To Net: NetName=NetC9_1 Pin=T1-1
Added Pin To Net: NetName=NetC9_1 Pin=T1-2
Added Pin To Net: NetName=NetC9_1 Pin=T1-3
Added Pin To Net: NetName=NetR18_1 Pin=T1-4
Added Pin To Net: NetName=NetJ14_1 Pin=T1-5
Added Pin To Net: NetName=NetJ14_1 Pin=T1-6
Added Pin To Net: NetName=NetJ14_1 Pin=T1-7
Added Pin To Net: NetName=NetJ14_1 Pin=T1-8
Added Pin To Net: NetName=NetJ10_2 Pin=U1-1
Added Pin To Net: NetName=NetJ10_4 Pin=U1-2
Added Pin To Net: NetName=GND Pin=U1-3
Added Pin To Net: NetName=GND Pin=U1-4
Added Pin To Net: NetName=VCC_3 Pin=U1-21
Added Pin To Net: NetName=ISP_RST Pin=U1-22
Added Pin To Net: NetName=GND Pin=U1-23
Added Member To Class: ClassName=pi-kvm_v1.1 Member=Component B1 Family
Added Member To Class: ClassName=pi-kvm_v1.1 Member=Component B2 Family
Added Member To Class: ClassName=pi-kvm_v1.1 Member=Component B3 Family
Added Member To Class: ClassName=pi-kvm_v1.1 Member=Component B4 Family
Added Member To Class: ClassName=pi-kvm_v1.1 Member=Component B5 Family
Added Member To Class: ClassName=pi-kvm_v1.1 Member=Component B6 Family
Added Member To Class: ClassName=pi-kvm_v1.1 Member=Component B7 Family
Added Member To Class: ClassName=pi-kvm_v1.1 Member=Component B8 Family
Added Member To Class: ClassName=pi-kvm_v1.1 Member=Component C1 100nF
Added Member To Class: ClassName=pi-kvm_v1.1 Member=Component C2 100nF
Added Member To Class: ClassName=pi-kvm_v1.1 Member=Component C3 1uF
Added Member To Class: ClassName=pi-kvm_v1.1 Member=Component C4 100nF
Added Member To Class: ClassName=pi-kvm_v1.1 Member=Component C5 100nF
Added Member To Class: ClassName=pi-kvm_v1.1 Member=Component C6 1uF
Added Member To Class: ClassName=pi-kvm_v1.1 Member=Component C7 100nF
Added Member To Class: ClassName=pi-kvm_v1.1 Member=Component C8 100nF
Added Member To Class: ClassName=pi-kvm_v1.1 Member=Component C9 100nF
Added Member To Class: ClassName=pi-kvm_v1.1 Member=Component C10 100nF
Added Member To Class: ClassName=pi-kvm_v1.1 Member=Component C12 1500uF
Added Member To Class: ClassName=pi-kvm_v1.1 Member=Component C13 1uF
Added Member To Class: ClassName=pi-kvm_v1.1 Member=Component C14 100nF
Added Member To Class: ClassName=pi-kvm_v1.1 Member=Component C15 100nF
Added Member To Class: ClassName=pi-kvm_v1.1 Member=Component C16 1uF
Added Member To Class: ClassName=pi-kvm_v1.1 Member=Component C17 10uF
Added Member To Class: ClassName=pi-kvm_v1.1 Member=Component C18 1uF
Added Member To Class: ClassName=pi-kvm_v1.1 Member=Component C19 100nF
Added Member To Class: ClassName=pi-kvm_v1.1 Member=Component C20 100nF
Added Member To Class: ClassName=pi-kvm_v1.1 Member=Component C21 1uF
Added Member To Class: ClassName=pi-kvm_v1.1 Member=Component C22 10uF
Added Member To Class: ClassName=pi-kvm_v1.1 Member=Component C23 1500uF
Added Member To Class: ClassName=pi-kvm_v1.1 Member=Component C24 100nF
Added Member To Class: ClassName=pi-kvm_v1.1 Member=Component C25 1500uF
Added Member To Class: ClassName=pi-kvm_v1.1 Member=Component C26 1uF
Added Member To Class: ClassName=pi-kvm_v1.1 Member=Component C27 100nF
Added Member To Class: ClassName=pi-kvm_v1.1 Member=Component C28 100nF
Added Member To Class: ClassName=pi-kvm_v1.1 Member=Component C29 1uF
Added Member To Class: ClassName=pi-kvm_v1.1 Member=Component C30 1uF
Added Member To Class: ClassName=pi-kvm_v1.1 Member=Component C31 100nF
Added Member To Class: ClassName=pi-kvm_v1.1 Member=Component C32 100nF
Added Member To Class: ClassName=pi-kvm_v1.1 Member=Component C33 1uF
Added Member To Class: ClassName=pi-kvm_v1.1 Member=Component C34 100nF
Added Member To Class: ClassName=pi-kvm_v1.1 Member=Component D1 1N4148W
Added Member To Class: ClassName=pi-kvm_v1.1 Member=Component D2 1N4148W
Added Member To Class: ClassName=pi-kvm_v1.1 Member=Component D3 1N4148W
Added Member To Class: ClassName=pi-kvm_v1.1 Member=Component D4 5.6
Added Member To Class: ClassName=pi-kvm_v1.1 Member=Component D5 1N4148W
Added Member To Class: ClassName=pi-kvm_v1.1 Member=Component D6 1N4148W
Added Member To Class: ClassName=pi-kvm_v1.1 Member=Component IC1 CPC1008N
Added Member To Class: ClassName=pi-kvm_v1.1 Member=Component IC2 CPC1008N
Added Member To Class: ClassName=pi-kvm_v1.1 Member=Component IC3 CPC1008N
Added Member To Class: ClassName=pi-kvm_v1.1 Member=Component IC4 CPC1008N
Added Member To Class: ClassName=pi-kvm_v1.1 Member=Component J1 8P8C
Added Member To Class: ClassName=pi-kvm_v1.1 Member=Component J2 8P8C
Added Member To Class: ClassName=pi-kvm_v1.1 Member=Component J3 Power
Added Member To Class: ClassName=pi-kvm_v1.1 Member=Component J4 HDD
Added Member To Class: ClassName=pi-kvm_v1.1 Member=Component J5 Pwr
Added Member To Class: ClassName=pi-kvm_v1.1 Member=Component J6 USB A
Added Member To Class: ClassName=pi-kvm_v1.1 Member=Component J7 USB B
Added Member To Class: ClassName=pi-kvm_v1.1 Member=Component J8 Rst
Added Member To Class: ClassName=pi-kvm_v1.1 Member=Component J9 Family
Added Member To Class: ClassName=pi-kvm_v1.1 Member=Component J10 Jumper
Added Member To Class: ClassName=pi-kvm_v1.1 Member=Component J11 ISP
Added Member To Class: ClassName=pi-kvm_v1.1 Member=Component J12 Jumper
Added Member To Class: ClassName=pi-kvm_v1.1 Member=Component J13 Jumper
Added Member To Class: ClassName=pi-kvm_v1.1 Member=Component J14 Connector  5.08 3-pin
Added Member To Class: ClassName=pi-kvm_v1.1 Member=Component L1 220R@100MHz
Added Member To Class: ClassName=pi-kvm_v1.1 Member=Component L2 60R@100MHz
Added Member To Class: ClassName=pi-kvm_v1.1 Member=Component L3 220R@100MHz
Added Member To Class: ClassName=pi-kvm_v1.1 Member=Component L4 220R@100MHz
Added Member To Class: ClassName=pi-kvm_v1.1 Member=Component L5 220R@100MHz
Added Member To Class: ClassName=pi-kvm_v1.1 Member=Component L6 220R@100MHz
Added Member To Class: ClassName=pi-kvm_v1.1 Member=Component LD1 Color
Added Member To Class: ClassName=pi-kvm_v1.1 Member=Component LD2 Color
Added Member To Class: ClassName=pi-kvm_v1.1 Member=Component LD3 Color
Added Member To Class: ClassName=pi-kvm_v1.1 Member=Component Q1 IRLML2502
Added Member To Class: ClassName=pi-kvm_v1.1 Member=Component Q2 IRLML2502
Added Member To Class: ClassName=pi-kvm_v1.1 Member=Component Q3 IRLML2502
Added Member To Class: ClassName=pi-kvm_v1.1 Member=Component Q4 IRLML2502
Added Member To Class: ClassName=pi-kvm_v1.1 Member=Component R1 4k7
Added Member To Class: ClassName=pi-kvm_v1.1 Member=Component R2 390
Added Member To Class: ClassName=pi-kvm_v1.1 Member=Component R3 390
Added Member To Class: ClassName=pi-kvm_v1.1 Member=Component R4 390
Added Member To Class: ClassName=pi-kvm_v1.1 Member=Component R5 10k
Added Member To Class: ClassName=pi-kvm_v1.1 Member=Component R6 10k
Added Member To Class: ClassName=pi-kvm_v1.1 Member=Component R7 4k7
Added Member To Class: ClassName=pi-kvm_v1.1 Member=Component R8 390
Added Member To Class: ClassName=pi-kvm_v1.1 Member=Component R11 390
Added Member To Class: ClassName=pi-kvm_v1.1 Member=Component R12 390
Added Member To Class: ClassName=pi-kvm_v1.1 Member=Component R13 390
Added Member To Class: ClassName=pi-kvm_v1.1 Member=Component R14 390
Added Member To Class: ClassName=pi-kvm_v1.1 Member=Component R15 390
Added Member To Class: ClassName=pi-kvm_v1.1 Member=Component R16 390
Added Member To Class: ClassName=pi-kvm_v1.1 Member=Component R17 10k
Added Member To Class: ClassName=pi-kvm_v1.1 Member=Component R18 10k
Added Member To Class: ClassName=pi-kvm_v1.1 Member=Component R19 390
Added Member To Class: ClassName=pi-kvm_v1.1 Member=Component R20 390
Added Member To Class: ClassName=pi-kvm_v1.1 Member=Component R21 10k
Added Member To Class: ClassName=pi-kvm_v1.1 Member=Component R22 10k
Added Member To Class: ClassName=pi-kvm_v1.1 Member=Component RL1 Value
Added Member To Class: ClassName=pi-kvm_v1.1 Member=Component RL2 Value
Added Member To Class: ClassName=pi-kvm_v1.1 Member=Component RL3 Value
Added Member To Class: ClassName=pi-kvm_v1.1 Member=Component RL4 Value
Added Member To Class: ClassName=pi-kvm_v1.1 Member=Component RPI1 RPI GPIO Connector
Added Member To Class: ClassName=pi-kvm_v1.1 Member=Component RPI2 RPI 2B Board
Added Member To Class: ClassName=pi-kvm_v1.1 Member=Component T1 FDS6679AZ
Added Member To Class: ClassName=pi-kvm_v1.1 Member=Component U1 Arduino_Pro_Micro
