Replace Part C12 Cap 1500uF x 6.3V in Z:\projects\projects_2\pi-kvm\hardware\pi-kvm_v1.1\pi-kvm_v1.1.SchDoc with Cap 1500uF x 6.3V from awesome_lib_1.SchLib
Replace Part C23 Cap 1500uF x 6.3V in Z:\projects\projects_2\pi-kvm\hardware\pi-kvm_v1.1\pi-kvm_v1.1.SchDoc with Cap 1500uF x 6.3V from awesome_lib_1.SchLib
Replace Part C25 Cap 1500uF x 6.3V in Z:\projects\projects_2\pi-kvm\hardware\pi-kvm_v1.1\pi-kvm_v1.1.SchDoc with Cap 1500uF x 6.3V from awesome_lib_1.SchLib
Replace Part D1 1N4148W in Z:\projects\projects_2\pi-kvm\hardware\pi-kvm_v1.1\pi-kvm_v1.1.SchDoc with 1N4148W from awesome_lib_1.SchLib
Replace Part D2 1N4148W in Z:\projects\projects_2\pi-kvm\hardware\pi-kvm_v1.1\pi-kvm_v1.1.SchDoc with 1N4148W from awesome_lib_1.SchLib
Replace Part D3 1N4148W in Z:\projects\projects_2\pi-kvm\hardware\pi-kvm_v1.1\pi-kvm_v1.1.SchDoc with 1N4148W from awesome_lib_1.SchLib
Replace Part D4 1SMA5919BT3G in Z:\projects\projects_2\pi-kvm\hardware\pi-kvm_v1.1\pi-kvm_v1.1.SchDoc with 1SMA5919BT3G from awesome_lib_1.SchLib
Replace Part D5 1N4148W in Z:\projects\projects_2\pi-kvm\hardware\pi-kvm_v1.1\pi-kvm_v1.1.SchDoc with 1N4148W from awesome_lib_1.SchLib
Replace Part D6 1N4148W in Z:\projects\projects_2\pi-kvm\hardware\pi-kvm_v1.1\pi-kvm_v1.1.SchDoc with 1N4148W from awesome_lib_1.SchLib
Replace Part IC1 PhotoMOS Relay x1 Type2 in Z:\projects\projects_2\pi-kvm\hardware\pi-kvm_v1.1\pi-kvm_v1.1.SchDoc with PhotoMOS Relay x1 Type2 from awesome_lib_1.SchLib
Replace Part IC2 PhotoMOS Relay x1 Type2 in Z:\projects\projects_2\pi-kvm\hardware\pi-kvm_v1.1\pi-kvm_v1.1.SchDoc with PhotoMOS Relay x1 Type2 from awesome_lib_1.SchLib
Replace Part IC3 PhotoMOS Relay x1 Type2 in Z:\projects\projects_2\pi-kvm\hardware\pi-kvm_v1.1\pi-kvm_v1.1.SchDoc with PhotoMOS Relay x1 Type2 from awesome_lib_1.SchLib
Replace Part IC4 PhotoMOS Relay x1 Type2 in Z:\projects\projects_2\pi-kvm\hardware\pi-kvm_v1.1\pi-kvm_v1.1.SchDoc with PhotoMOS Relay x1 Type2 from awesome_lib_1.SchLib
Replace Part J1 FCI_54602-908LF in Z:\projects\projects_2\pi-kvm\hardware\pi-kvm_v1.1\pi-kvm_v1.1.SchDoc with FCI_54602-908LF from awesome_lib_1.SchLib
Replace Part J2 FCI_54602-908LF in Z:\projects\projects_2\pi-kvm\hardware\pi-kvm_v1.1\pi-kvm_v1.1.SchDoc with FCI_54602-908LF from awesome_lib_1.SchLib
Replace Part J3 Connector  2.54 3x2-pin in Z:\projects\projects_2\pi-kvm\hardware\pi-kvm_v1.1\pi-kvm_v1.1.SchDoc with Connector  2.54 3x2-pin from awesome_lib_1.SchLib
Replace Part J4 Connector  2.54 2x2-pin in Z:\projects\projects_2\pi-kvm\hardware\pi-kvm_v1.1\pi-kvm_v1.1.SchDoc with Connector  2.54 2x2-pin from awesome_lib_1.SchLib
Replace Part J5 Connector  2.54 2x2-pin in Z:\projects\projects_2\pi-kvm\hardware\pi-kvm_v1.1\pi-kvm_v1.1.SchDoc with Connector  2.54 2x2-pin from awesome_lib_1.SchLib
Replace Part J6 Connector USB A - 4 Pin + 1Shield in Z:\projects\projects_2\pi-kvm\hardware\pi-kvm_v1.1\pi-kvm_v1.1.SchDoc with Connector USB A - 4 Pin + 1Shield from awesome_lib_1.SchLib
Replace Part J8 Connector  2.54 2x2-pin in Z:\projects\projects_2\pi-kvm\hardware\pi-kvm_v1.1\pi-kvm_v1.1.SchDoc with Connector  2.54 2x2-pin from awesome_lib_1.SchLib
Replace Part J9 Connector Molex 3 Male in Z:\projects\projects_2\pi-kvm\hardware\pi-kvm_v1.1\pi-kvm_v1.1.SchDoc with Connector Molex 3 Male from awesome_lib_1.SchLib
Replace Part J10 Connector  2.54 2x2-pin in Z:\projects\projects_2\pi-kvm\hardware\pi-kvm_v1.1\pi-kvm_v1.1.SchDoc with Connector  2.54 2x2-pin from awesome_lib_1.SchLib
Replace Part J11 Connector  2.54 3x2-pin in Z:\projects\projects_2\pi-kvm\hardware\pi-kvm_v1.1\pi-kvm_v1.1.SchDoc with Connector  2.54 3x2-pin from awesome_lib_1.SchLib
Replace Part J12 Connector  2.54 2-pin opposite in Z:\projects\projects_2\pi-kvm\hardware\pi-kvm_v1.1\pi-kvm_v1.1.SchDoc with Connector  2.54 2-pin opposite from awesome_lib_1.SchLib
Replace Part J13 Connector  2.54 2-pin opposite in Z:\projects\projects_2\pi-kvm\hardware\pi-kvm_v1.1\pi-kvm_v1.1.SchDoc with Connector  2.54 2-pin opposite from awesome_lib_1.SchLib
Replace Part J14 Connector  5.08 3-pin in Z:\projects\projects_2\pi-kvm\hardware\pi-kvm_v1.1\pi-kvm_v1.1.SchDoc with Connector  5.08 3-pin from awesome_lib_1.SchLib
Replace Part L1 BLM21PG221SN1D in Z:\projects\projects_2\pi-kvm\hardware\pi-kvm_v1.1\pi-kvm_v1.1.SchDoc with BLM21PG221SN1D from awesome_lib_1.SchLib
Replace Part L2 BLM41PG600SN1L in Z:\projects\projects_2\pi-kvm\hardware\pi-kvm_v1.1\pi-kvm_v1.1.SchDoc with BLM41PG600SN1L from awesome_lib_1.SchLib
Replace Part L3 BLM21PG221SN1D in Z:\projects\projects_2\pi-kvm\hardware\pi-kvm_v1.1\pi-kvm_v1.1.SchDoc with BLM21PG221SN1D from awesome_lib_1.SchLib
Replace Part L4 BLM21PG221SN1D in Z:\projects\projects_2\pi-kvm\hardware\pi-kvm_v1.1\pi-kvm_v1.1.SchDoc with BLM21PG221SN1D from awesome_lib_1.SchLib
Replace Part L5 BLM21PG221SN1D in Z:\projects\projects_2\pi-kvm\hardware\pi-kvm_v1.1\pi-kvm_v1.1.SchDoc with BLM21PG221SN1D from awesome_lib_1.SchLib
Replace Part L6 BLM21PG221SN1D in Z:\projects\projects_2\pi-kvm\hardware\pi-kvm_v1.1\pi-kvm_v1.1.SchDoc with BLM21PG221SN1D from awesome_lib_1.SchLib
Replace Part LD2 LED x2 G-1C2A-BOT_R-3C4A-TOP in Z:\projects\projects_2\pi-kvm\hardware\pi-kvm_v1.1\pi-kvm_v1.1.SchDoc with LED x2 G-1C2A-BOT_R-3C4A-TOP from awesome_lib_1.SchLib
Replace Part LD2 LED x2 G-1C2A-BOT_R-3C4A-TOP in Z:\projects\projects_2\pi-kvm\hardware\pi-kvm_v1.1\pi-kvm_v1.1.SchDoc with LED x2 G-1C2A-BOT_R-3C4A-TOP from awesome_lib_1.SchLib
Replace Part LD3 LED x2 Green 1C2A-BOT_3C4A-TOP in Z:\projects\projects_2\pi-kvm\hardware\pi-kvm_v1.1\pi-kvm_v1.1.SchDoc with LED x2 Green 1C2A-BOT_3C4A-TOP from awesome_lib_1.SchLib
Replace Part LD3 LED x2 Green 1C2A-BOT_3C4A-TOP in Z:\projects\projects_2\pi-kvm\hardware\pi-kvm_v1.1\pi-kvm_v1.1.SchDoc with LED x2 Green 1C2A-BOT_3C4A-TOP from awesome_lib_1.SchLib
Replace Part Q1 IRLML2502 in Z:\projects\projects_2\pi-kvm\hardware\pi-kvm_v1.1\pi-kvm_v1.1.SchDoc with IRLML2502 from awesome_lib_1.SchLib
Replace Part Q2 IRLML2502 in Z:\projects\projects_2\pi-kvm\hardware\pi-kvm_v1.1\pi-kvm_v1.1.SchDoc with IRLML2502 from awesome_lib_1.SchLib
Replace Part Q3 IRLML2502 in Z:\projects\projects_2\pi-kvm\hardware\pi-kvm_v1.1\pi-kvm_v1.1.SchDoc with IRLML2502 from awesome_lib_1.SchLib
Replace Part Q4 IRLML2502 in Z:\projects\projects_2\pi-kvm\hardware\pi-kvm_v1.1\pi-kvm_v1.1.SchDoc with IRLML2502 from awesome_lib_1.SchLib
Replace Part RL3 REL_HK19F_DC5V in Z:\projects\projects_2\pi-kvm\hardware\pi-kvm_v1.1\pi-kvm_v1.1.SchDoc with REL_HK19F_DC5V from awesome_lib_1.SchLib
Replace Part RL3 REL_HK19F_DC5V in Z:\projects\projects_2\pi-kvm\hardware\pi-kvm_v1.1\pi-kvm_v1.1.SchDoc with REL_HK19F_DC5V from awesome_lib_1.SchLib
Replace Part RL3 REL_HK19F_DC5V in Z:\projects\projects_2\pi-kvm\hardware\pi-kvm_v1.1\pi-kvm_v1.1.SchDoc with REL_HK19F_DC5V from awesome_lib_1.SchLib
Replace Part RL4 REL_HK19F_DC5V in Z:\projects\projects_2\pi-kvm\hardware\pi-kvm_v1.1\pi-kvm_v1.1.SchDoc with REL_HK19F_DC5V from awesome_lib_1.SchLib
Replace Part RL4 REL_HK19F_DC5V in Z:\projects\projects_2\pi-kvm\hardware\pi-kvm_v1.1\pi-kvm_v1.1.SchDoc with REL_HK19F_DC5V from awesome_lib_1.SchLib
Replace Part RL4 REL_HK19F_DC5V in Z:\projects\projects_2\pi-kvm\hardware\pi-kvm_v1.1\pi-kvm_v1.1.SchDoc with REL_HK19F_DC5V from awesome_lib_1.SchLib
Replace Part RPI1 RPI GPIO Connector in Z:\projects\projects_2\pi-kvm\hardware\pi-kvm_v1.1\pi-kvm_v1.1.SchDoc with RPI GPIO Connector from awesome_lib_1.SchLib
Replace Part RPI2 RPI 2B Board in Z:\projects\projects_2\pi-kvm\hardware\pi-kvm_v1.1\pi-kvm_v1.1.SchDoc with RPI 2B Board from awesome_lib_1.SchLib
Replace Part T1 FDS6679AZ_Flip in Z:\projects\projects_2\pi-kvm\hardware\pi-kvm_v1.1\pi-kvm_v1.1.SchDoc with FDS6679AZ_Flip from awesome_lib_1.SchLib
Replace Part U1 Arduino_Pro_Micro in Z:\projects\projects_2\pi-kvm\hardware\pi-kvm_v1.1\pi-kvm_v1.1.SchDoc with Arduino_Pro_Micro from awesome_lib_1.SchLib
